2022-05-27 20:20:46,136 - Log4JLogChute initialized using file 'target/velocity.log'
2022-05-27 20:20:46,137 - Initializing Velocity, Calling init()...
2022-05-27 20:20:46,137 - Starting Apache Velocity v1.7 (compiled: 2010-11-19 12:14:37)
2022-05-27 20:20:46,137 - Default Properties File: org/apache/velocity/runtime/defaults/velocity.properties
2022-05-27 20:20:46,137 - Trying to use logger class org.apache.velocity.runtime.log.AvalonLogChute
2022-05-27 20:20:46,137 - Target log system for org.apache.velocity.runtime.log.AvalonLogChute is not available (java.lang.NoClassDefFoundError: org/apache/log/format/Formatter).  Falling back to next log system...
2022-05-27 20:20:46,137 - Trying to use logger class org.apache.velocity.runtime.log.Log4JLogChute
2022-05-27 20:20:46,137 - Using logger class org.apache.velocity.runtime.log.Log4JLogChute
2022-05-27 20:20:46,144 - ResourceLoader instantiated: org.apache.velocity.runtime.resource.loader.ClasspathResourceLoader
2022-05-27 20:20:46,152 - ResourceCache: initialized (class org.apache.velocity.runtime.resource.ResourceCacheImpl) with class java.util.Collections$SynchronizedMap cache map.
2022-05-27 20:20:46,153 - Loaded System Directive: org.apache.velocity.runtime.directive.Stop
2022-05-27 20:20:46,154 - Loaded System Directive: org.apache.velocity.runtime.directive.Define
2022-05-27 20:20:46,155 - Loaded System Directive: org.apache.velocity.runtime.directive.Break
2022-05-27 20:20:46,156 - Loaded System Directive: org.apache.velocity.runtime.directive.Evaluate
2022-05-27 20:20:46,156 - Loaded System Directive: org.apache.velocity.runtime.directive.Literal
2022-05-27 20:20:46,157 - Loaded System Directive: org.apache.velocity.runtime.directive.Macro
2022-05-27 20:20:46,158 - Loaded System Directive: org.apache.velocity.runtime.directive.Parse
2022-05-27 20:20:46,159 - Loaded System Directive: org.apache.velocity.runtime.directive.Include
2022-05-27 20:20:46,160 - Loaded System Directive: org.apache.velocity.runtime.directive.Foreach
2022-05-27 20:20:46,203 - Created '20' parsers.
2022-05-27 20:20:46,206 - Velocimacro : "velocimacro.library" is not set.  Trying default library: VM_global_library.vm
2022-05-27 20:20:46,207 - Could not load resource 'VM_global_library.vm' from ResourceLoader org.apache.velocity.runtime.resource.loader.ClasspathResourceLoader: ClasspathResourceLoader Error: cannot find resource VM_global_library.vm
2022-05-27 20:20:46,207 - Velocimacro : Default library not found.
2022-05-27 20:20:46,207 - Velocimacro : allowInline = true : VMs can be defined inline in templates
2022-05-27 20:20:46,207 - Velocimacro : allowInlineToOverride = false : VMs defined inline may NOT replace previous VM definitions
2022-05-27 20:20:46,207 - Velocimacro : allowInlineLocal = false : VMs defined inline will be global in scope if allowed.
2022-05-27 20:20:46,207 - Velocimacro : autoload off : VM system will not automatically reload global library macros
2022-05-27 20:20:46,293 - ResourceManager : found templates/generators/errorpage.vm with loader org.apache.velocity.runtime.resource.loader.ClasspathResourceLoader
2022-05-27 20:20:46,298 - ResourceManager : found /templates/headers.vm with loader org.apache.velocity.runtime.resource.loader.ClasspathResourceLoader
2022-05-27 20:20:46,300 - ResourceManager : found /templates/head.vm with loader org.apache.velocity.runtime.resource.loader.ClasspathResourceLoader
2022-05-27 20:20:46,302 - Velocimacro : added VM stringArray: source=/templates/macros/array.js.vm
2022-05-27 20:20:46,302 - Velocimacro : added VM numberArray: source=/templates/macros/array.js.vm
2022-05-27 20:20:46,302 - ResourceManager : found /templates/macros/array.js.vm with loader org.apache.velocity.runtime.resource.loader.ClasspathResourceLoader
2022-05-27 20:20:46,304 - Velocimacro : added VM includeBuildInfo: source=/templates/macros/page/buildinfo.vm
2022-05-27 20:20:46,304 - ResourceManager : found /templates/macros/page/buildinfo.vm with loader org.apache.velocity.runtime.resource.loader.ClasspathResourceLoader
2022-05-27 20:20:46,309 - Velocimacro : added VM includeClassifications: source=/templates/macros/page/classifications.vm
2022-05-27 20:20:46,309 - ResourceManager : found /templates/macros/page/classifications.vm with loader org.apache.velocity.runtime.resource.loader.ClasspathResourceLoader
2022-05-27 20:20:46,310 - Velocimacro : added VM includeLead: source=/templates/macros/page/lead.vm
2022-05-27 20:20:46,310 - ResourceManager : found /templates/macros/page/lead.vm with loader org.apache.velocity.runtime.resource.loader.ClasspathResourceLoader
2022-05-27 20:20:46,314 - Velocimacro : added VM includeNavigation: source=/templates/macros/page/navigation.vm
2022-05-27 20:20:46,314 - ResourceManager : found /templates/macros/page/navigation.vm with loader org.apache.velocity.runtime.resource.loader.ClasspathResourceLoader
2022-05-27 20:20:46,317 - Velocimacro : added VM includeReportInfo: source=/templates/macros/page/reportInfo.vm
2022-05-27 20:20:46,317 - ResourceManager : found /templates/macros/page/reportInfo.vm with loader org.apache.velocity.runtime.resource.loader.ClasspathResourceLoader
2022-05-27 20:20:46,319 - Velocimacro : added VM includeTitle: source=/templates/macros/page/title.vm
2022-05-27 20:20:46,319 - ResourceManager : found /templates/macros/page/title.vm with loader org.apache.velocity.runtime.resource.loader.ClasspathResourceLoader
2022-05-27 20:20:46,320 - Velocimacro : added VM includeExpandingButtons: source=/templates/macros/report/expandAllButtons.vm
2022-05-27 20:20:46,320 - ResourceManager : found /templates/macros/report/expandAllButtons.vm with loader org.apache.velocity.runtime.resource.loader.ClasspathResourceLoader
2022-05-27 20:20:46,326 - Velocimacro : added VM includeReportTable: source=/templates/macros/report/reportTable.vm
2022-05-27 20:20:46,326 - ResourceManager : found /templates/macros/report/reportTable.vm with loader org.apache.velocity.runtime.resource.loader.ClasspathResourceLoader
2022-05-27 20:20:46,328 - Velocimacro : added VM includeReportHeader: source=/templates/macros/report/reportHeader.vm
2022-05-27 20:20:46,328 - ResourceManager : found /templates/macros/report/reportHeader.vm with loader org.apache.velocity.runtime.resource.loader.ClasspathResourceLoader
2022-05-27 20:20:46,337 - Velocimacro : added VM includeStatsTable: source=/templates/macros/report/statsTable.vm
2022-05-27 20:20:46,337 - ResourceManager : found /templates/macros/report/statsTable.vm with loader org.apache.velocity.runtime.resource.loader.ClasspathResourceLoader
2022-05-27 20:20:46,339 - Velocimacro : added VM includeBrief: source=/templates/macros/json/brief.vm
2022-05-27 20:20:46,339 - ResourceManager : found /templates/macros/json/brief.vm with loader org.apache.velocity.runtime.resource.loader.ClasspathResourceLoader
2022-05-27 20:20:46,341 - Velocimacro : added VM includeDocString: source=/templates/macros/json/docstring.vm
2022-05-27 20:20:46,341 - ResourceManager : found /templates/macros/json/docstring.vm with loader org.apache.velocity.runtime.resource.loader.ClasspathResourceLoader
2022-05-27 20:20:46,342 - Velocimacro : added VM includeDuration: source=/templates/macros/json/duration.vm
2022-05-27 20:20:46,342 - ResourceManager : found /templates/macros/json/duration.vm with loader org.apache.velocity.runtime.resource.loader.ClasspathResourceLoader
2022-05-27 20:20:46,346 - Velocimacro : added VM includeElement: source=/templates/macros/json/element.vm
2022-05-27 20:20:46,346 - ResourceManager : found /templates/macros/json/element.vm with loader org.apache.velocity.runtime.resource.loader.ClasspathResourceLoader
2022-05-27 20:20:46,356 - Velocimacro : added VM includeEmbeddings: source=/templates/macros/json/embeddings.vm
2022-05-27 20:20:46,356 - Velocimacro : added VM includeHtmlEmbedding: source=/templates/macros/json/embeddings.vm
2022-05-27 20:20:46,356 - Velocimacro : added VM includeVideoEmbedding: source=/templates/macros/json/embeddings.vm
2022-05-27 20:20:46,357 - Velocimacro : added VM includeImageEmbedding: source=/templates/macros/json/embeddings.vm
2022-05-27 20:20:46,357 - Velocimacro : added VM includeImageReferenceEmbedding: source=/templates/macros/json/embeddings.vm
2022-05-27 20:20:46,357 - Velocimacro : added VM includeTextEmbedding: source=/templates/macros/json/embeddings.vm
2022-05-27 20:20:46,357 - Velocimacro : added VM includeUnknownEmbedding: source=/templates/macros/json/embeddings.vm
2022-05-27 20:20:46,357 - ResourceManager : found /templates/macros/json/embeddings.vm with loader org.apache.velocity.runtime.resource.loader.ClasspathResourceLoader
2022-05-27 20:20:46,359 - Velocimacro : added VM includeHooks: source=/templates/macros/json/hooks.vm
2022-05-27 20:20:46,359 - ResourceManager : found /templates/macros/json/hooks.vm with loader org.apache.velocity.runtime.resource.loader.ClasspathResourceLoader
2022-05-27 20:20:46,361 - Velocimacro : added VM includeOutput: source=/templates/macros/json/output.vm
2022-05-27 20:20:46,361 - ResourceManager : found /templates/macros/json/output.vm with loader org.apache.velocity.runtime.resource.loader.ClasspathResourceLoader
2022-05-27 20:20:46,362 - Velocimacro : added VM includeMessage: source=/templates/macros/json/message.vm
2022-05-27 20:20:46,362 - ResourceManager : found /templates/macros/json/message.vm with loader org.apache.velocity.runtime.resource.loader.ClasspathResourceLoader
2022-05-27 20:20:46,366 - Velocimacro : added VM includeSteps: source=/templates/macros/json/steps.vm
2022-05-27 20:20:46,366 - ResourceManager : found /templates/macros/json/steps.vm with loader org.apache.velocity.runtime.resource.loader.ClasspathResourceLoader
2022-05-27 20:20:46,367 - Velocimacro : added VM includeStepName: source=/templates/macros/json/stepName.vm
2022-05-27 20:20:46,367 - ResourceManager : found /templates/macros/json/stepName.vm with loader org.apache.velocity.runtime.resource.loader.ClasspathResourceLoader
2022-05-27 20:20:46,368 - Velocimacro : added VM includeTags: source=/templates/macros/json/tags.vm
2022-05-27 20:20:46,368 - ResourceManager : found /templates/macros/json/tags.vm with loader org.apache.velocity.runtime.resource.loader.ClasspathResourceLoader
2022-05-27 20:20:46,374 - VM #includeNavigation: too few arguments to macro. Wanted 1 got 0
2022-05-27 20:20:46,375 - Left side ($active_tab) of '==' operation has null value. If it is a reference, it may not be in the context or its toString() returned null. /templates/macros/page/navigation.vm[line 14, column 51]
2022-05-27 20:20:46,375 - Left side ($active_tab) of '==' operation has null value. If it is a reference, it may not be in the context or its toString() returned null. /templates/macros/page/navigation.vm[line 15, column 51]
2022-05-27 20:20:46,375 - Left side ($active_tab) of '==' operation has null value. If it is a reference, it may not be in the context or its toString() returned null. /templates/macros/page/navigation.vm[line 16, column 51]
2022-05-27 20:20:46,375 - Left side ($active_tab) of '==' operation has null value. If it is a reference, it may not be in the context or its toString() returned null. /templates/macros/page/navigation.vm[line 20, column 51]
2022-05-27 20:20:46,392 - ResourceManager : found /templates/footer.vm with loader org.apache.velocity.runtime.resource.loader.ClasspathResourceLoader
2022-05-27 20:20:53,862 - Log4JLogChute initialized using file 'target/velocity.log'
2022-05-27 20:20:53,863 - Initializing Velocity, Calling init()...
2022-05-27 20:20:53,863 - Starting Apache Velocity v1.7 (compiled: 2010-11-19 12:14:37)
2022-05-27 20:20:53,863 - Default Properties File: org/apache/velocity/runtime/defaults/velocity.properties
2022-05-27 20:20:53,863 - Trying to use logger class org.apache.velocity.runtime.log.AvalonLogChute
2022-05-27 20:20:53,863 - Target log system for org.apache.velocity.runtime.log.AvalonLogChute is not available (java.lang.NoClassDefFoundError: org/apache/log/format/Formatter).  Falling back to next log system...
2022-05-27 20:20:53,863 - Trying to use logger class org.apache.velocity.runtime.log.Log4JLogChute
2022-05-27 20:20:53,863 - Using logger class org.apache.velocity.runtime.log.Log4JLogChute
2022-05-27 20:20:53,870 - ResourceLoader instantiated: org.apache.velocity.runtime.resource.loader.ClasspathResourceLoader
2022-05-27 20:20:53,878 - ResourceCache: initialized (class org.apache.velocity.runtime.resource.ResourceCacheImpl) with class java.util.Collections$SynchronizedMap cache map.
2022-05-27 20:20:53,879 - Loaded System Directive: org.apache.velocity.runtime.directive.Stop
2022-05-27 20:20:53,880 - Loaded System Directive: org.apache.velocity.runtime.directive.Define
2022-05-27 20:20:53,882 - Loaded System Directive: org.apache.velocity.runtime.directive.Break
2022-05-27 20:20:53,882 - Loaded System Directive: org.apache.velocity.runtime.directive.Evaluate
2022-05-27 20:20:53,883 - Loaded System Directive: org.apache.velocity.runtime.directive.Literal
2022-05-27 20:20:53,883 - Loaded System Directive: org.apache.velocity.runtime.directive.Macro
2022-05-27 20:20:53,884 - Loaded System Directive: org.apache.velocity.runtime.directive.Parse
2022-05-27 20:20:53,885 - Loaded System Directive: org.apache.velocity.runtime.directive.Include
2022-05-27 20:20:53,885 - Loaded System Directive: org.apache.velocity.runtime.directive.Foreach
2022-05-27 20:20:53,918 - Created '20' parsers.
2022-05-27 20:20:53,923 - Velocimacro : "velocimacro.library" is not set.  Trying default library: VM_global_library.vm
2022-05-27 20:20:53,924 - Could not load resource 'VM_global_library.vm' from ResourceLoader org.apache.velocity.runtime.resource.loader.ClasspathResourceLoader: ClasspathResourceLoader Error: cannot find resource VM_global_library.vm
2022-05-27 20:20:53,924 - Velocimacro : Default library not found.
2022-05-27 20:20:53,924 - Velocimacro : allowInline = true : VMs can be defined inline in templates
2022-05-27 20:20:53,924 - Velocimacro : allowInlineToOverride = false : VMs defined inline may NOT replace previous VM definitions
2022-05-27 20:20:53,924 - Velocimacro : allowInlineLocal = false : VMs defined inline will be global in scope if allowed.
2022-05-27 20:20:53,924 - Velocimacro : autoload off : VM system will not automatically reload global library macros
2022-05-27 20:20:54,002 - ResourceManager : found templates/generators/errorpage.vm with loader org.apache.velocity.runtime.resource.loader.ClasspathResourceLoader
2022-05-27 20:20:54,008 - ResourceManager : found /templates/headers.vm with loader org.apache.velocity.runtime.resource.loader.ClasspathResourceLoader
2022-05-27 20:20:54,008 - ResourceManager : found /templates/head.vm with loader org.apache.velocity.runtime.resource.loader.ClasspathResourceLoader
2022-05-27 20:20:54,011 - Velocimacro : added VM stringArray: source=/templates/macros/array.js.vm
2022-05-27 20:20:54,011 - Velocimacro : added VM numberArray: source=/templates/macros/array.js.vm
2022-05-27 20:20:54,011 - ResourceManager : found /templates/macros/array.js.vm with loader org.apache.velocity.runtime.resource.loader.ClasspathResourceLoader
2022-05-27 20:20:54,014 - Velocimacro : added VM includeBuildInfo: source=/templates/macros/page/buildinfo.vm
2022-05-27 20:20:54,014 - ResourceManager : found /templates/macros/page/buildinfo.vm with loader org.apache.velocity.runtime.resource.loader.ClasspathResourceLoader
2022-05-27 20:20:54,019 - Velocimacro : added VM includeClassifications: source=/templates/macros/page/classifications.vm
2022-05-27 20:20:54,019 - ResourceManager : found /templates/macros/page/classifications.vm with loader org.apache.velocity.runtime.resource.loader.ClasspathResourceLoader
2022-05-27 20:20:54,020 - Velocimacro : added VM includeLead: source=/templates/macros/page/lead.vm
2022-05-27 20:20:54,020 - ResourceManager : found /templates/macros/page/lead.vm with loader org.apache.velocity.runtime.resource.loader.ClasspathResourceLoader
2022-05-27 20:20:54,025 - Velocimacro : added VM includeNavigation: source=/templates/macros/page/navigation.vm
2022-05-27 20:20:54,025 - ResourceManager : found /templates/macros/page/navigation.vm with loader org.apache.velocity.runtime.resource.loader.ClasspathResourceLoader
2022-05-27 20:20:54,027 - Velocimacro : added VM includeReportInfo: source=/templates/macros/page/reportInfo.vm
2022-05-27 20:20:54,027 - ResourceManager : found /templates/macros/page/reportInfo.vm with loader org.apache.velocity.runtime.resource.loader.ClasspathResourceLoader
2022-05-27 20:20:54,029 - Velocimacro : added VM includeTitle: source=/templates/macros/page/title.vm
2022-05-27 20:20:54,029 - ResourceManager : found /templates/macros/page/title.vm with loader org.apache.velocity.runtime.resource.loader.ClasspathResourceLoader
2022-05-27 20:20:54,030 - Velocimacro : added VM includeExpandingButtons: source=/templates/macros/report/expandAllButtons.vm
2022-05-27 20:20:54,030 - ResourceManager : found /templates/macros/report/expandAllButtons.vm with loader org.apache.velocity.runtime.resource.loader.ClasspathResourceLoader
2022-05-27 20:20:54,036 - Velocimacro : added VM includeReportTable: source=/templates/macros/report/reportTable.vm
2022-05-27 20:20:54,037 - ResourceManager : found /templates/macros/report/reportTable.vm with loader org.apache.velocity.runtime.resource.loader.ClasspathResourceLoader
2022-05-27 20:20:54,038 - Velocimacro : added VM includeReportHeader: source=/templates/macros/report/reportHeader.vm
2022-05-27 20:20:54,039 - ResourceManager : found /templates/macros/report/reportHeader.vm with loader org.apache.velocity.runtime.resource.loader.ClasspathResourceLoader
2022-05-27 20:20:54,050 - Velocimacro : added VM includeStatsTable: source=/templates/macros/report/statsTable.vm
2022-05-27 20:20:54,050 - ResourceManager : found /templates/macros/report/statsTable.vm with loader org.apache.velocity.runtime.resource.loader.ClasspathResourceLoader
2022-05-27 20:20:54,051 - Velocimacro : added VM includeBrief: source=/templates/macros/json/brief.vm
2022-05-27 20:20:54,051 - ResourceManager : found /templates/macros/json/brief.vm with loader org.apache.velocity.runtime.resource.loader.ClasspathResourceLoader
2022-05-27 20:20:54,052 - Velocimacro : added VM includeDocString: source=/templates/macros/json/docstring.vm
2022-05-27 20:20:54,053 - ResourceManager : found /templates/macros/json/docstring.vm with loader org.apache.velocity.runtime.resource.loader.ClasspathResourceLoader
2022-05-27 20:20:54,054 - Velocimacro : added VM includeDuration: source=/templates/macros/json/duration.vm
2022-05-27 20:20:54,054 - ResourceManager : found /templates/macros/json/duration.vm with loader org.apache.velocity.runtime.resource.loader.ClasspathResourceLoader
2022-05-27 20:20:54,058 - Velocimacro : added VM includeElement: source=/templates/macros/json/element.vm
2022-05-27 20:20:54,058 - ResourceManager : found /templates/macros/json/element.vm with loader org.apache.velocity.runtime.resource.loader.ClasspathResourceLoader
2022-05-27 20:20:54,071 - Velocimacro : added VM includeEmbeddings: source=/templates/macros/json/embeddings.vm
2022-05-27 20:20:54,072 - Velocimacro : added VM includeHtmlEmbedding: source=/templates/macros/json/embeddings.vm
2022-05-27 20:20:54,072 - Velocimacro : added VM includeVideoEmbedding: source=/templates/macros/json/embeddings.vm
2022-05-27 20:20:54,072 - Velocimacro : added VM includeImageEmbedding: source=/templates/macros/json/embeddings.vm
2022-05-27 20:20:54,073 - Velocimacro : added VM includeImageReferenceEmbedding: source=/templates/macros/json/embeddings.vm
2022-05-27 20:20:54,073 - Velocimacro : added VM includeTextEmbedding: source=/templates/macros/json/embeddings.vm
2022-05-27 20:20:54,073 - Velocimacro : added VM includeUnknownEmbedding: source=/templates/macros/json/embeddings.vm
2022-05-27 20:20:54,073 - ResourceManager : found /templates/macros/json/embeddings.vm with loader org.apache.velocity.runtime.resource.loader.ClasspathResourceLoader
2022-05-27 20:20:54,078 - Velocimacro : added VM includeHooks: source=/templates/macros/json/hooks.vm
2022-05-27 20:20:54,078 - ResourceManager : found /templates/macros/json/hooks.vm with loader org.apache.velocity.runtime.resource.loader.ClasspathResourceLoader
2022-05-27 20:20:54,080 - Velocimacro : added VM includeOutput: source=/templates/macros/json/output.vm
2022-05-27 20:20:54,081 - ResourceManager : found /templates/macros/json/output.vm with loader org.apache.velocity.runtime.resource.loader.ClasspathResourceLoader
2022-05-27 20:20:54,082 - Velocimacro : added VM includeMessage: source=/templates/macros/json/message.vm
2022-05-27 20:20:54,082 - ResourceManager : found /templates/macros/json/message.vm with loader org.apache.velocity.runtime.resource.loader.ClasspathResourceLoader
2022-05-27 20:20:54,086 - Velocimacro : added VM includeSteps: source=/templates/macros/json/steps.vm
2022-05-27 20:20:54,086 - ResourceManager : found /templates/macros/json/steps.vm with loader org.apache.velocity.runtime.resource.loader.ClasspathResourceLoader
2022-05-27 20:20:54,087 - Velocimacro : added VM includeStepName: source=/templates/macros/json/stepName.vm
2022-05-27 20:20:54,087 - ResourceManager : found /templates/macros/json/stepName.vm with loader org.apache.velocity.runtime.resource.loader.ClasspathResourceLoader
2022-05-27 20:20:54,089 - Velocimacro : added VM includeTags: source=/templates/macros/json/tags.vm
2022-05-27 20:20:54,089 - ResourceManager : found /templates/macros/json/tags.vm with loader org.apache.velocity.runtime.resource.loader.ClasspathResourceLoader
2022-05-27 20:20:54,097 - VM #includeNavigation: too few arguments to macro. Wanted 1 got 0
2022-05-27 20:20:54,098 - Left side ($active_tab) of '==' operation has null value. If it is a reference, it may not be in the context or its toString() returned null. /templates/macros/page/navigation.vm[line 14, column 51]
2022-05-27 20:20:54,098 - Left side ($active_tab) of '==' operation has null value. If it is a reference, it may not be in the context or its toString() returned null. /templates/macros/page/navigation.vm[line 15, column 51]
2022-05-27 20:20:54,098 - Left side ($active_tab) of '==' operation has null value. If it is a reference, it may not be in the context or its toString() returned null. /templates/macros/page/navigation.vm[line 16, column 51]
2022-05-27 20:20:54,098 - Left side ($active_tab) of '==' operation has null value. If it is a reference, it may not be in the context or its toString() returned null. /templates/macros/page/navigation.vm[line 20, column 51]
2022-05-27 20:20:54,115 - ResourceManager : found /templates/footer.vm with loader org.apache.velocity.runtime.resource.loader.ClasspathResourceLoader
